[debug] [2021-03-04T03:50:26.765Z] ----------------------------------------------------------------------
[debug] [2021-03-04T03:50:26.767Z] Command:       /usr/local/bin/node /usr/local/bin/firebase deploy
[debug] [2021-03-04T03:50:26.767Z] CLI Version:   9.5.0
[debug] [2021-03-04T03:50:26.767Z] Platform:      darwin
[debug] [2021-03-04T03:50:26.767Z] Node Version:  v12.18.2
[debug] [2021-03-04T03:50:26.768Z] Time:          Wed Mar 03 2021 22:50:26 GMT-0500 (GMT-05:00)
[debug] [2021-03-04T03:50:26.768Z] ----------------------------------------------------------------------
[debug] [2021-03-04T03:50:26.769Z] 
[debug] [2021-03-04T03:50:26.777Z] > command requires scopes: ["email","openid","https://www.googleapis.com/auth/cloudplatformprojects.readonly","https://www.googleapis.com/auth/firebase","https://www.googleapis.com/auth/cloud-platform"]
[debug] [2021-03-04T03:50:26.778Z] > authorizing via signed-in user
[debug] [2021-03-04T03:50:26.778Z] [iam] checking project expconkento for permissions ["firebase.projects.get","firebasehosting.sites.update"]
[debug] [2021-03-04T03:50:26.780Z] >>> HTTP REQUEST POST https://cloudresourcemanager.googleapis.com/v1/projects/expconkento:testIamPermissions  
 {"permissions":["firebase.projects.get","firebasehosting.sites.update"]}
[debug] [2021-03-04T03:50:26.942Z] <<< HTTP RESPONSE 200 {"content-type":"application/json; charset=UTF-8","vary":"X-Origin, Referer, Origin,Accept-Encoding","date":"Thu, 04 Mar 2021 03:50:26 GMT","server":"ESF","cache-control":"private","x-xss-protection":"0","x-frame-options":"SAMEORIGIN","x-content-type-options":"nosniff","server-timing":"gfet4t7; dur=40","alt-svc":"h3-29=\":443\"; ma=2592000,h3-T051=\":443\"; ma=2592000,h3-Q050=\":443\"; ma=2592000,h3-Q046=\":443\"; ma=2592000,h3-Q043=\":443\"; ma=2592000,quic=\":443\"; ma=2592000; v=\"46,43\"","accept-ranges":"none","transfer-encoding":"chunked"}
[debug] [2021-03-04T03:50:26.944Z] > refreshing access token with scopes: []
[debug] [2021-03-04T03:50:26.945Z] >>> HTTP REQUEST POST https://www.googleapis.com/oauth2/v3/token  
 <request body omitted>
[debug] [2021-03-04T03:50:27.091Z] <<< HTTP RESPONSE 200 {"cache-control":"no-cache, no-store, max-age=0, must-revalidate","date":"Thu, 04 Mar 2021 03:50:27 GMT","expires":"Mon, 01 Jan 1990 00:00:00 GMT","pragma":"no-cache","content-type":"application/json; charset=utf-8","vary":"X-Origin, Referer, Origin,Accept-Encoding","server":"scaffolding on HTTPServer2","x-xss-protection":"0","x-frame-options":"SAMEORIGIN","x-content-type-options":"nosniff","alt-svc":"h3-29=\":443\"; ma=2592000,h3-T051=\":443\"; ma=2592000,h3-Q050=\":443\"; ma=2592000,h3-Q046=\":443\"; ma=2592000,h3-Q043=\":443\"; ma=2592000,quic=\":443\"; ma=2592000; v=\"46,43\"","accept-ranges":"none","transfer-encoding":"chunked"}
[debug] [2021-03-04T03:50:27.114Z] >>> [apiv2][query] GET https://firebase.googleapis.com/v1beta1/projects/expconkento [none]
[debug] [2021-03-04T03:50:27.407Z] <<< [apiv2][status] GET https://firebase.googleapis.com/v1beta1/projects/expconkento 200
[debug] [2021-03-04T03:50:27.408Z] <<< [apiv2][body] GET https://firebase.googleapis.com/v1beta1/projects/expconkento {"projectId":"expconkento","projectNumber":"955356321748","displayName":"EXPCONKento","name":"projects/expconkento","resources":{"hostingSite":"expconkento","realtimeDatabaseInstance":"expconkento-default-rtdb","storageBucket":"expconkento.appspot.com","locationId":"us-central"},"state":"ACTIVE"}
[info] 
[info] === Deploying to 'expconkento'...
[info] 
[info] i  deploying hosting 
[debug] [2021-03-04T03:50:27.411Z] > refreshing access token with scopes: ["email","https://www.googleapis.com/auth/cloud-platform","https://www.googleapis.com/auth/cloudplatformprojects.readonly","https://www.googleapis.com/auth/firebase","openid"]
[debug] [2021-03-04T03:50:27.411Z] >>> HTTP REQUEST POST https://www.googleapis.com/oauth2/v3/token  
 <request body omitted>
[debug] [2021-03-04T03:50:27.547Z] <<< HTTP RESPONSE 200 {"expires":"Mon, 01 Jan 1990 00:00:00 GMT","cache-control":"no-cache, no-store, max-age=0, must-revalidate","date":"Thu, 04 Mar 2021 03:50:27 GMT","pragma":"no-cache","content-type":"application/json; charset=utf-8","vary":"X-Origin, Referer, Origin,Accept-Encoding","server":"scaffolding on HTTPServer2","x-xss-protection":"0","x-frame-options":"SAMEORIGIN","x-content-type-options":"nosniff","alt-svc":"h3-29=\":443\"; ma=2592000,h3-T051=\":443\"; ma=2592000,h3-Q050=\":443\"; ma=2592000,h3-Q046=\":443\"; ma=2592000,h3-Q043=\":443\"; ma=2592000,quic=\":443\"; ma=2592000; v=\"46,43\"","accept-ranges":"none","transfer-encoding":"chunked"}
[debug] [2021-03-04T03:50:27.568Z] >>> HTTP REQUEST POST https://firebasehosting.googleapis.com/v1beta1/sites/expconkento/versions  
 {"config":{"rewrites":[{"glob":"**","path":"/index.html"}]},"labels":{"deployment-tool":"cli-firebase"}}
[debug] [2021-03-04T03:50:28.323Z] <<< HTTP RESPONSE 200 {"content-type":"application/json; charset=UTF-8","vary":"X-Origin, Referer, Origin,Accept-Encoding","date":"Thu, 04 Mar 2021 03:50:28 GMT","server":"ESF","cache-control":"private","x-xss-protection":"0","x-frame-options":"SAMEORIGIN","x-content-type-options":"nosniff","alt-svc":"h3-29=\":443\"; ma=2592000,h3-T051=\":443\"; ma=2592000,h3-Q050=\":443\"; ma=2592000,h3-Q046=\":443\"; ma=2592000,h3-Q043=\":443\"; ma=2592000,quic=\":443\"; ma=2592000; v=\"46,43\"","accept-ranges":"none","transfer-encoding":"chunked"}
[info] i  hosting[expconkento]: beginning deploy... 
[info] i  hosting[expconkento]: found 34 files in build 
[debug] [2021-03-04T03:50:29.477Z] > refreshing access token with scopes: []
[debug] [2021-03-04T03:50:29.477Z] >>> HTTP REQUEST POST https://www.googleapis.com/oauth2/v3/token  
 <request body omitted>
[debug] [2021-03-04T03:50:29.478Z] [hosting] hash cache [YnVpbGQ] stored for 34 files
[debug] [2021-03-04T03:50:29.478Z] [hosting][hash queue][FINAL] {"max":1133,"min":27,"avg":174.05882352941177,"active":0,"complete":34,"success":34,"errored":0,"retried":0,"total":34,"elapsed":1141}
[debug] [2021-03-04T03:50:29.613Z] <<< HTTP RESPONSE 200 {"pragma":"no-cache","expires":"Mon, 01 Jan 1990 00:00:00 GMT","date":"Thu, 04 Mar 2021 03:50:29 GMT","cache-control":"no-cache, no-store, max-age=0, must-revalidate","content-type":"application/json; charset=utf-8","vary":"X-Origin, Referer, Origin,Accept-Encoding","server":"scaffolding on HTTPServer2","x-xss-protection":"0","x-frame-options":"SAMEORIGIN","x-content-type-options":"nosniff","alt-svc":"h3-29=\":443\"; ma=2592000,h3-T051=\":443\"; ma=2592000,h3-Q050=\":443\"; ma=2592000,h3-Q046=\":443\"; ma=2592000,h3-Q043=\":443\"; ma=2592000,quic=\":443\"; ma=2592000; v=\"46,43\"","accept-ranges":"none","transfer-encoding":"chunked"}
[debug] [2021-03-04T03:50:29.642Z] >>> [apiv2][query] POST https://firebasehosting.googleapis.com/v1beta1/sites/expconkento/versions/6c5bf4f564010879:populateFiles [none]
[debug] [2021-03-04T03:50:29.642Z] >>> [apiv2][body] POST https://firebasehosting.googleapis.com/v1beta1/sites/expconkento/versions/6c5bf4f564010879:populateFiles {"files":{"/asset-manifest.json":"3c766ae2a5816562e12ce368ce3cf06d930652374743b5a3be574799b97f9051","/index.html":"dc7c7bb6c15cdcac580de81b9499ef61ac37f6e46f6a8f8eaa0d4a1b8191a58f","/static/css/main.23f5ef28.chunk.css":"b8aa7f98da5a470b222e9b3aba6ea62c10fa527fa331e45dfad75e342c6a8c18","/static/css/main.23f5ef28.chunk.css.map":"482523e147137f1d1bfb2197f60a4b840efa1fdf9df0415c3fe52ed299db7c1f","/static/js/2.3eaeee1a.chunk.js.LICENSE.txt":"2318442f7dbfdd39eb40ecf55552a8f35a17f466c73d5529215e935b92ee7975","/static/js/3.df518607.chunk.js":"c439fce9709d415c330b3a19fb1c396ec8cd00620661c5e00f3fc5467a187303","/static/js/3.df518607.chunk.js.map":"e92c4f01c937eab4beddb7c98dd2da8d1a4ec076a5c26449b5526f08922e0dcf","/static/js/runtime-main.a5edf527.js":"c52d4a3ab495e0b6fbbfe100d91f94630573dde15aa29e0710210635abe5a23b","/static/js/runtime-main.a5edf527.js.map":"5c88db8d95d510bb86cd4ea5d8a8167333d825fc3259174045338bcba568b91f","/static/media/Futura-Bold-Condensed.eda8bf55.otf":"359d490ad22187145cfcff0963de5235bbedf9656d8548d4c2bf66080646d3dd","/static/media/FuturaMedium.b4abcb4b.otf":"a4af485f4e5edd6b9a304c0fed409d277dff76d18a6e8b16d65c40637bfd0144","/robots.txt":"391d14b3c2f8c9143a27a28c7399585142228d4d1bdbe2c87ac946de411fa9a2","/manifest.json":"b3076716dc6f9d6243ddd7455fcbdd2a28c4fa5213ed602b0e4fe6b7aefb0712","/favicon.ico":"4943aae5a7eb9f33214105a21233ad6d755945079f62314d104144bf50f74c48","/static/js/main.e485ad6f.chunk.js":"ea869d92a36a21cf14148d78965d4142d31069f7ba41d9cf76ff8924d84942d8","/static/media/small_speakers_bot.f78cb3f6.png":"675760c957dfd2c4135acfd6582474ee344ab61d0bf277fdb9c0f2014aec1909","/static/media/DINNextLTPro-Medium.6f2285a4.otf":"7c99a7135eeaf4ac7179151705a20a024e3da1b4c68c48ba423000d30e149981","/static/media/red_concert.64c8cc1a.jpeg":"dcc9bc5fd82575b65094bb2867d391b930d688df67ad6270c4eddbc94b82c774","/static/media/bob_pic.38ccfbf9.jpg":"da9a1c4dca880973bdff4b12c01dd605cfcdc49307899c833a1c9986a583d5ce","/static/js/main.e485ad6f.chunk.js.map":"765ebcb142fa8fe1b0fb4eb1f40624c4a139d913088bf159794c0141198fcf3a","/static/media/blue_stage.848fb616.jpeg":"ba6742927ef0e8bf815586bea5ace33abdb0666cbc641c70da9002239ff657e4","/static/media/small_speakers_top.93be4667.png":"5e15a9ef83388d2dcaf6a2b5ca490c816dae39825205ad3accdfb9ada6180dfe","/static/media/layer_1.f779620b.png":"2bd29cb716d388a1e8944fd4e5077f89db13bcc24cf28c851a9fcd2775f4c061","/static/media/layer_5.e4a5a814.png":"abfa7068bbf1378c10f1caa6d36516be0a998129fc8a333c9f852aac8d2a47fb","/static/media/layer_2.3101d4c9.png":"92f1e23cf10af3ecf9e975be0696ce4e57d6c0dd9e938d52ebc2bca44f3dfe12","/static/js/2.3eaeee1a.chunk.js":"dfc5ecf77288d0203b0264cb7965b19f91fb05cbd8f9e76643e3b8a8783d1f12","/static/media/layer_3.d029e6ce.png":"8dfd474e003c448f92bec8f882f613f20c10edc8e31295dfb7bc14046690e955","/static/media/concert_purple.1186b3bf.jpg":"652b9da0f4e38be08aa598e425626f268850711d9ade11f54dfe6aa62abe0945","/static/media/gambino_s.d9283a92.png":"29e05639cd923cadccd97cfc194f15e85222101c40482c39e534c43d8481e917","/static/media/layer_4.db371544.png":"8c16870b2dc26cf33898ab6e7663b4016cb448339e8d1ddaa9e70275617a13b4","/static/media/layer-bg.151545e3.png":"4b5ddecb93e28ddb47b45da7f8b93c693a909d5dd9a9616522de7caf9655abec","/static/js/2.3eaeee1a.chunk.js.map":"7f0cf4c9ab05485bcb0b0b6220e8a5cc9a0211615b1ffcb342c8e740f0598a9d","/static/media/alan_video_1.97ae79a1.mp4":"89cef6b27e3638c91758c649617d53ee704ea32f79e98a3dccf1e4af430d8b1b","/static/media/gambino_video_1.32a59ed6.mp4":"13cda8ab83eff6072d2683105b61a134e361668645be93cca8409d96370549ca"}}
